{
  "RSpec": {
    "coverage": {
      "/Users/naphazze/Desktop/quest02/Quest02/app/helpers/application_helper.rb": {
        "lines": [
          1,
          null
        ]
      },
      "/Users/naphazze/Desktop/quest02/Quest02/app/helpers/brags_helper.rb": {
        "lines": [
          1,
          null
        ]
      },
      "/Users/naphazze/Desktop/quest02/Quest02/app/helpers/todos_helper.rb": {
        "lines": [
          1,
          null
        ]
      },
      "/Users/naphazze/Desktop/quest02/Quest02/app/controllers/brags_controller.rb": {
        "lines": [
          1,
          1,
          null,
          null
        ]
      },
      "/Users/naphazze/Desktop/quest02/Quest02/app/controllers/application_controller.rb": {
        "lines": [
          1,
          null,
          1,
          null
        ]
      },
      "/Users/naphazze/Desktop/quest02/Quest02/app/controllers/todos_controller.rb": {
        "lines": [
          1,
          1,
          null,
          null,
          1,
          11,
          null,
          null,
          null,
          1,
          null,
          null,
          null,
          1,
          1,
          null,
          null,
          null,
          1,
          null,
          null,
          null,
          1,
          8,
          null,
          8,
          8,
          4,
          1,
          null,
          null,
          null,
          null,
          null,
          null,
          7,
          null,
          4,
          1,
          null,
          7,
          null,
          null,
          null,
          null,
          null,
          null,
          1,
          0,
          0,
          0,
          0,
          null,
          0,
          0,
          null,
          null,
          null,
          null,
          null,
          1,
          4,
          null,
          4,
          7,
          5,
          null,
          null,
          null,
          1,
          2,
          2,
          null,
          2,
          2,
          1,
          null,
          null,
          null,
          null,
          null,
          3,
          null,
          null,
          null,
          1,
          null,
          1,
          6,
          null,
          null,
          null,
          1,
          8,
          null,
          null
        ]
      },
      "/Users/naphazze/Desktop/quest02/Quest02/app/models/todo.rb": {
        "lines": [
          1,
          1,
          null
        ]
      },
      "/Users/naphazze/Desktop/quest02/Quest02/app/models/application_record.rb": {
        "lines": [
          1,
          1,
          null
        ]
      },
      "/Users/naphazze/Desktop/quest02/Quest02/app/jobs/application_job.rb": {
        "lines": [
          0,
          null,
          null,
          null,
          null,
          null,
          0
        ],
        "branches": {}
      },
      "/Users/naphazze/Desktop/quest02/Quest02/app/mailers/application_mailer.rb": {
        "lines": [
          0,
          0,
          0,
          0
        ],
        "branches": {}
      }
    },
    "timestamp": 1750272959
  }
}
