{
  "RSpec": {
    "coverage": {
      "/Users/naphazze/Desktop/quest02/Quest02/app/helpers/application_helper.rb": {
        "lines": [
          1,
          null
        ]
      },
      "/Users/naphazze/Desktop/quest02/Quest02/app/helpers/brags_helper.rb": {
        "lines": [
          1,
          null
        ]
      },
      "/Users/naphazze/Desktop/quest02/Quest02/app/helpers/todos_helper.rb": {
        "lines": [
          1,
          null
        ]
      },
      "/Users/naphazze/Desktop/quest02/Quest02/app/models/todo.rb": {
        "lines": [
          1,
          1,
          null
        ]
      },
      "/Users/naphazze/Desktop/quest02/Quest02/app/models/application_record.rb": {
        "lines": [
          1,
          1,
          null
        ]
      },
      "/Users/naphazze/Desktop/quest02/Quest02/app/controllers/todos_controller.rb": {
        "lines": [
          1,
          1,
          null,
          null,
          1,
          10,
          null,
          null,
          null,
          1,
          null,
          null,
          null,
          1,
          0,
          null,
          null,
          null,
          1,
          null,
          null,
          null,
          1,
          2,
          null,
          2,
          2,
          1,
          null,
          0,
          null,
          null,
          null,
          null,
          null,
          2,
          null,
          1,
          0,
          null,
          2,
          null,
          null,
          null,
          null,
          null,
          null,
          1,
          0,
          0,
          0,
          0,
          null,
          0,
          0,
          null,
          null,
          null,
          null,
          null,
          1,
          1,
          null,
          1,
          2,
          1,
          null,
          null,
          null,
          1,
          0,
          0,
          null,
          0,
          0,
          0,
          null,
          null,
          null,
          null,
          null,
          0,
          null,
          null,
          null,
          1,
          null,
          1,
          1,
          null,
          null,
          null,
          1,
          2,
          null,
          null
        ]
      },
      "/Users/naphazze/Desktop/quest02/Quest02/app/controllers/application_controller.rb": {
        "lines": [
          1,
          null,
          1,
          null
        ]
      },
      "/Users/naphazze/Desktop/quest02/Quest02/app/controllers/brags_controller.rb": {
        "lines": [
          1,
          1,
          null,
          null
        ]
      },
      "/Users/naphazze/Desktop/quest02/Quest02/app/jobs/application_job.rb": {
        "lines": [
          0,
          null,
          null,
          null,
          null,
          null,
          0
        ],
        "branches": {}
      },
      "/Users/naphazze/Desktop/quest02/Quest02/app/mailers/application_mailer.rb": {
        "lines": [
          0,
          0,
          0,
          0
        ],
        "branches": {}
      }
    },
    "timestamp": 1750270049
  }
}
